<?xml version="1.0" encoding="UTF-8"?>
<testng-results ignored="0" total="1" passed="1" failed="0" skipped="0">
  <reporter-output>
  </reporter-output>
  <suite started-at="2021-12-27T17:36:13 IST" name="Default suite" finished-at="2021-12-27T17:36:13 IST" duration-ms="94">
    <groups>
    </groups>
    <test started-at="2021-12-27T17:36:13 IST" name="Default test" finished-at="2021-12-27T17:36:13 IST" duration-ms="94">
      <class name="com.qa.test.LoginTest">
        <test-method signature="test1()[pri:0, instance:com.qa.test.LoginTest@4944252c]" started-at="2021-12-27T17:36:13 IST" name="test1" finished-at="2021-12-27T17:36:13 IST" duration-ms="14" status="PASS">
          <reporter-output>
          </reporter-output>
        </test-method> <!-- test1 -->
      </class> <!-- com.qa.test.LoginTest -->
    </test> <!-- Default test -->
  </suite> <!-- Default suite -->
</testng-results>
